[debug] [2023-12-03T17:42:37.793Z] ----------------------------------------------------------------------
[debug] [2023-12-03T17:42:37.796Z] Command:       C:\Program Files\nodejs\node.exe C:\Users\William\AppData\Roaming\npm\node_modules\firebase-tools\lib\bin\firebase.js init
[debug] [2023-12-03T17:42:37.796Z] CLI Version:   12.9.1
[debug] [2023-12-03T17:42:37.797Z] Platform:      win32
[debug] [2023-12-03T17:42:37.797Z] Node Version:  v18.18.0
[debug] [2023-12-03T17:42:37.798Z] Time:          Sun Dec 03 2023 13:42:37 GMT-0400 (hora de Venezuela)
[debug] [2023-12-03T17:42:37.799Z] ----------------------------------------------------------------------
[debug] 
[debug] [2023-12-03T17:42:37.950Z] > command requires scopes: ["email","openid","https://www.googleapis.com/auth/cloudplatformprojects.readonly","https://www.googleapis.com/auth/firebase","https://www.googleapis.com/auth/cloud-platform"]
[debug] [2023-12-03T17:42:37.951Z] > authorizing via signed-in user (wxmm141@gmail.com)
[info] 
     ######## #### ########  ######## ########     ###     ######  ########
     ##        ##  ##     ## ##       ##     ##  ##   ##  ##       ##
     ######    ##  ########  ######   ########  #########  ######  ######
     ##        ##  ##    ##  ##       ##     ## ##     ##       ## ##
     ##       #### ##     ## ######## ########  ##     ##  ######  ########

You're about to initialize a Firebase project in this directory:

  C:\Users\William\Desktop\react-chat-app-firebase-public

Before we get started, keep in mind:

  * You are initializing within an existing Firebase project directory

[info] 
=== Project Setup
[info] 
[info] First, let's associate this project directory with a Firebase project.
[info] You can create multiple project aliases by running firebase use --add, 
[info] but for now we'll just set up a default project.
[info] 
[debug] [2023-12-03T17:49:43.720Z] Using project from CLI flag: chat-797b1
[debug] [2023-12-03T17:49:43.723Z] >>> [apiv2][query] GET https://firebase.googleapis.com/v1beta1/projects/chat-797b1 [none]
[debug] [2023-12-03T17:49:44.395Z] <<< [apiv2][status] GET https://firebase.googleapis.com/v1beta1/projects/chat-797b1 200
[debug] [2023-12-03T17:49:44.395Z] <<< [apiv2][body] GET https://firebase.googleapis.com/v1beta1/projects/chat-797b1 {"projectId":"chat-797b1","projectNumber":"961933405943","displayName":"chat","name":"projects/chat-797b1","resources":{"hostingSite":"chat-797b1"},"state":"ACTIVE","etag":"1_83ccf7c4-37ca-446d-81a4-1f1952fbd8c7"}
[info] i  Using project chat-797b1 (chat) 
[info] 
=== Hosting Setup
[debug] [2023-12-03T17:49:44.414Z] >>> [apiv2][query] GET https://firebase.googleapis.com/v1beta1/projects/chat-797b1 [none]
[debug] [2023-12-03T17:49:44.917Z] <<< [apiv2][status] GET https://firebase.googleapis.com/v1beta1/projects/chat-797b1 200
[debug] [2023-12-03T17:49:44.918Z] <<< [apiv2][body] GET https://firebase.googleapis.com/v1beta1/projects/chat-797b1 {"projectId":"chat-797b1","projectNumber":"961933405943","displayName":"chat","name":"projects/chat-797b1","resources":{"hostingSite":"chat-797b1"},"state":"ACTIVE","etag":"1_83ccf7c4-37ca-446d-81a4-1f1952fbd8c7"}
[info] 
[info] Your public directory is the folder (relative to your project directory) that
[info] will contain Hosting assets to be uploaded with firebase deploy. If you
[info] have a build process for your assets, use your build's output directory.
[info] 
[info] +  Wrote build/404.html 
[debug] [2023-12-03T17:50:49.166Z] >>> [apiv2][query] GET https://www.gstatic.com/firebasejs/releases.json [none]
[debug] [2023-12-03T17:50:49.533Z] <<< [apiv2][status] GET https://www.gstatic.com/firebasejs/releases.json 200
[debug] [2023-12-03T17:50:49.534Z] <<< [apiv2][body] GET https://www.gstatic.com/firebasejs/releases.json {"current":{"version":"10.7.0","browserURL":"https://www.gstatic.com/firebasejs/10.7.0/firebase.js","packageURL":"https://www.gstatic.com/firebasejs/10.7.0/firebase.tgz"},"live":{"version":"10.7","browserURL":"https://www.gstatic.com/firebasejs/live/10.7/firebase.js","packageURL":"https://www.gstatic.com/firebasejs/live/10.7/firebase.tgz"},"components":{"analytics":"https://www.gstatic.com/firebasejs/10.7.0/firebase-analytics.js","app":"https://www.gstatic.com/firebasejs/10.7.0/firebase-app.js","app-check":"https://www.gstatic.com/firebasejs/10.7.0/firebase-app-check.js","auth":"https://www.gstatic.com/firebasejs/10.7.0/firebase-auth.js","auth/cordova":"https://www.gstatic.com/firebasejs/10.7.0/firebase-auth/cordova.js","functions":"https://www.gstatic.com/firebasejs/10.7.0/firebase-functions.js","firestore":"https://www.gstatic.com/firebasejs/10.7.0/firebase-firestore.js","firestore/lite":"https://www.gstatic.com/firebasejs/10.7.0/firebase-firestore/lite.js","installations":"https://www.gstatic.com/firebasejs/10.7.0/firebase-installations.js","storage":"https://www.gstatic.com/firebasejs/10.7.0/firebase-storage.js","performance":"https://www.gstatic.com/firebasejs/10.7.0/firebase-performance.js","remote-config":"https://www.gstatic.com/firebasejs/10.7.0/firebase-remote-config.js","messaging":"https://www.gstatic.com/firebasejs/10.7.0/firebase-messaging.js","messaging/sw":"https://www.gstatic.com/firebasejs/10.7.0/firebase-messaging/sw.js","database":"https://www.gstatic.com/firebasejs/10.7.0/firebase-database.js","firestore.memory":"https://www.gstatic.com/firebasejs/10.7.0/firebase-firestore.memory.js"}}
[info] +  Wrote build/index.html 
[info] 
[info] i  Detected a .git folder at C:\Users\William\Desktop\react-chat-app-firebase-public 
[info] i  Authorizing with GitHub to upload your service account to a GitHub repository's secrets store. 
[info] 
[info] Visit this URL on this device to log in:
[info] https://github.com/login/oauth/authorize?client_id=89cf50f02ac6aaed3484&state=962517132&redirect_uri=http%3A%2F%2Flocalhost%3A9005&scope=read%3Auser%20repo%20public_repo
[info] 
[info] Waiting for authentication...
[debug] [2023-12-03T17:51:49.528Z] >>> [apiv2][query] POST https://github.com/login/oauth/access_token [none]
[debug] [2023-12-03T17:51:49.529Z] >>> [apiv2][body] POST https://github.com/login/oauth/access_token [stream]
[debug] [2023-12-03T17:51:50.321Z] <<< [apiv2][status] POST https://github.com/login/oauth/access_token 200
[debug] [2023-12-03T17:51:50.322Z] <<< [apiv2][body] POST https://github.com/login/oauth/access_token {"access_token":"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","token_type":"bearer","scope":"read:user,repo"}
[debug] [2023-12-03T17:51:50.339Z] >>> [apiv2][query] GET https://api.github.com/user [none]
[debug] [2023-12-03T17:51:50.905Z] <<< [apiv2][status] GET https://api.github.com/user 200
[debug] [2023-12-03T17:51:50.905Z] <<< [apiv2][body] GET https://api.github.com/user {"login":"wmata141","id":33898160,"node_id":"MDQ6VXNlcjMzODk4MTYw","avatar_url":"https://avatars.githubusercontent.com/u/33898160?v=4","gravatar_id":"","url":"https://api.github.com/users/wmata141","html_url":"https://github.com/wmata141","followers_url":"https://api.github.com/users/wmata141/followers","following_url":"https://api.github.com/users/wmata141/following{/other_user}","gists_url":"https://api.github.com/users/wmata141/gists{/gist_id}","starred_url":"https://api.github.com/users/wmata141/starred{/owner}{/repo}","subscriptions_url":"https://api.github.com/users/wmata141/subscriptions","organizations_url":"https://api.github.com/users/wmata141/orgs","repos_url":"https://api.github.com/users/wmata141/repos","events_url":"https://api.github.com/users/wmata141/events{/privacy}","received_events_url":"https://api.github.com/users/wmata141/received_events","type":"User","site_admin":false,"name":null,"company":null,"blog":"","location":null,"email":null,"hireable":null,"bio":null,"twitter_username":null,"public_repos":25,"public_gists":0,"followers":4,"following":11,"created_at":"2017-11-22T11:53:07Z","updated_at":"2023-11-01T01:32:21Z","private_gists":0,"total_private_repos":1,"owned_private_repos":1,"disk_usage":53152,"collaborators":1,"two_factor_authentication":false,"plan":{"name":"free","space":976562499,"collaborators":0,"private_repos":10000}}
[info] 
[info] +  Success! Logged into GitHub as wmata141 
[info] 
